<?xml version="1.0" encoding="UTF-8"?>
<testsuite xmlns:xsi="http://www.w3.org/2001/XMLSchema-instance" xsi:noNamespaceSchemaLocation="https://maven.apache.org/surefire/maven-surefire-plugin/xsd/surefire-test-report.xsd" version="3.0.2" name="com.elbuensabor.proyectofinal.ProyectoFinalApplicationTests" time="10.222" tests="1" errors="0" skipped="0" failures="0">
  <properties>
[...]
</properties>
  <testcase name="contextLoads" classname="com.elbuensabor.proyectofinal.ProyectoFinalApplicationTests" time="0.617">
    <system-out><![CDATA[Standard Commons Logging discovery in action with spring-jcl: please remove commons-logging.jar from classpath in order to avoid potential conflicts
16:51:52.475 [main] INFO org.springframework.test.context.support.AnnotationConfigContextLoaderUtils -- Could not detect default configuration classes for test class [com.elbuensabor.proyectofinal.ProyectoFinalApplicationTests]: ProyectoFinalApplicationTests does not declare any static, non-private, non-final, nested classes annotated with @Configuration.
16:51:52.640 [main] INFO org.springframework.boot.test.context.SpringBootTestContextBootstrapper -- Found @SpringBootConfiguration com.elbuensabor.proyectofinal.ProyectoFinalApplication for test class com.elbuensabor.proyectofinal.ProyectoFinalApplicationTests
16:51:52.991 [main] INFO org.springframework.boot.devtools.restart.RestartApplicationListener -- Restart disabled due to context in which it is running

  .   ____          _            __ _ _
 /\\ / ___'_ __ _ _(_)_ __  __ _ \ \ \ \
( ( )\___ | '_ | '_| | '_ \/ _` | \ \ \ \
 \\/  ___)| |_)| | | | | || (_| |  ) ) ) )
  '  |____| .__|_| |_|_| |_\__, | / / / /
 =========|_|==============|___/=/_/_/_/

 :: Spring Boot ::                (v3.4.5)

2025-06-17T16:51:53.384-03:00  INFO 25780 --- [           main] c.e.p.ProyectoFinalApplicationTests      : Starting ProyectoFinalApplicationTests using Java 21.0.1 with PID 25780 (started by lpela in C:\java\elbuensabor\elbuensabor-back)
2025-06-17T16:51:53.385-03:00  INFO 25780 --- [           main] c.e.p.ProyectoFinalApplicationTests      : No active profile set, falling back to 1 default profile: "default"
2025-06-17T16:51:54.563-03:00  INFO 25780 --- [           main] .s.d.r.c.RepositoryConfigurationDelegate : Bootstrapping Spring Data JPA repositories in DEFAULT mode.
2025-06-17T16:51:54.738-03:00  INFO 25780 --- [           main] .s.d.r.c.RepositoryConfigurationDelegate : Finished Spring Data repository scanning in 160 ms. Found 19 JPA repository interfaces.
2025-06-17T16:51:55.574-03:00  INFO 25780 --- [           main] o.hibernate.jpa.internal.util.LogHelper  : HHH000204: Processing PersistenceUnitInfo [name: default]
2025-06-17T16:51:55.686-03:00  INFO 25780 --- [           main] org.hibernate.Version                    : HHH000412: Hibernate ORM core version 6.6.13.Final
2025-06-17T16:51:55.756-03:00  INFO 25780 --- [           main] o.h.c.internal.RegionFactoryInitiator    : HHH000026: Second-level cache disabled
2025-06-17T16:51:56.246-03:00  INFO 25780 --- [           main] o.s.o.j.p.SpringPersistenceUnitInfo      : No LoadTimeWeaver setup: ignoring JPA class transformer
2025-06-17T16:51:56.308-03:00  INFO 25780 --- [           main] com.zaxxer.hikari.HikariDataSource       : HikariPool-1 - Starting...
2025-06-17T16:51:56.642-03:00  INFO 25780 --- [           main] com.zaxxer.hikari.pool.HikariPool        : HikariPool-1 - Added connection com.mysql.cj.jdbc.ConnectionImpl@225e09f0
2025-06-17T16:51:56.644-03:00  INFO 25780 --- [           main] com.zaxxer.hikari.HikariDataSource       : HikariPool-1 - Start completed.
2025-06-17T16:51:56.728-03:00  WARN 25780 --- [           main] org.hibernate.orm.deprecation            : HHH90000025: MySQL8Dialect does not need to be specified explicitly using 'hibernate.dialect' (remove the property setting and it will be selected by default)
2025-06-17T16:51:56.730-03:00  WARN 25780 --- [           main] org.hibernate.orm.deprecation            : HHH90000026: MySQL8Dialect has been deprecated; use org.hibernate.dialect.MySQLDialect instead
2025-06-17T16:51:56.748-03:00  INFO 25780 --- [           main] org.hibernate.orm.connections.pooling    : HHH10001005: Database info:
	Database JDBC URL [Connecting through datasource 'HikariDataSource (HikariPool-1)']
	Database driver: undefined/unknown
	Database version: 8.0
	Autocommit mode: undefined/unknown
	Isolation level: undefined/unknown
	Minimum pool size: undefined/unknown
	Maximum pool size: undefined/unknown
2025-06-17T16:51:58.316-03:00  INFO 25780 --- [           main] o.h.e.t.j.p.i.JtaPlatformInitiator       : HHH000489: No JTA platform available (set 'hibernate.transaction.jta.platform' to enable JTA platform integration)
2025-06-17T16:51:59.409-03:00  INFO 25780 --- [           main] j.LocalContainerEntityManagerFactoryBean : Initialized JPA EntityManagerFactory for persistence unit 'default'
Mercado Pago SDK inicializado con Access Token.
2025-06-17T16:52:00.622-03:00  WARN 25780 --- [           main] JpaBaseConfiguration$JpaWebConfiguration : spring.jpa.open-in-view is enabled by default. Therefore, database queries may be performed during view rendering. Explicitly configure spring.jpa.open-in-view to disable this warning
2025-06-17T16:52:00.664-03:00  WARN 25780 --- [           main] .s.s.UserDetailsServiceAutoConfiguration : 

Using generated security password: 72f3a7a7-0dcc-4a01-8c48-1df24b513dd1

This generated password is for development use only. Your security configuration must be updated before running your application in production.

2025-06-17T16:52:00.678-03:00  INFO 25780 --- [           main] r$InitializeUserDetailsManagerConfigurer : Global AuthenticationManager configured with UserDetailsService bean with name inMemoryUserDetailsManager
2025-06-17T16:52:01.851-03:00  INFO 25780 --- [           main] c.e.p.ProyectoFinalApplicationTests      : Started ProyectoFinalApplicationTests in 8.893 seconds (process running for 12.133)
]]></system-out>
    <system-err><![CDATA[Mockito is currently self-attaching to enable the inline-mock-maker. This will no longer work in future releases of the JDK. Please add Mockito as an agent to your build what is described in Mockito's documentation: https://javadoc.io/doc/org.mockito/mockito-core/latest/org/mockito/Mockito.html#0.3
WARNING: A Java agent has been loaded dynamically (C:\Users\lpela\.m2\repository\net\bytebuddy\byte-buddy-agent\1.15.11\byte-buddy-agent-1.15.11.jar)
WARNING: If a serviceability tool is in use, please run with -XX:+EnableDynamicAgentLoading to hide this warning
WARNING: If a serviceability tool is not in use, please run with -Djdk.instrument.traceUsage for more information
WARNING: Dynamic loading of agents will be disallowed by default in a future release
]]></system-err>
  </testcase>
</testsuite>